<?xml version="1.0" encoding="UTF-8"?>
<!-- Generated by org.testng.reporters.JUnitReportReporter -->
<testsuite hostname="FFE-Manikantha-FFE119" failures="0" tests="1" name="com.actitime.testscript.CustomerModule" time="2.419" errors="0" timestamp="2024-09-01T11:43:47 IST" skipped="0">
  <testcase classname="com.actitime.testscript.CustomerModule" name="testing" time="2.419"/>
  <system-out>
    <![CDATA[Test]]>
  </system-out>
</testsuite> <!-- com.actitime.testscript.CustomerModule -->
